Using pre-set license
Built from '2021.3/staging' branch; Version is '2021.3.4f1 (cb45f9cae8b7) revision 13321721'; Using compiler version '192829333'; Build Type 'Release'
OS: 'Windows 11  (10.0.22000) 64bit Professional' Language: 'ko' Physical Memory: 32620 MB
BatchMode: 1, IsHumanControllingUs: 0, StartBugReporterOnCrash: 0, Is64bit: 1, IsPro: 1

COMMAND LINE ARGUMENTS:
C:\Program Files\Unity\Hub\Editor\2021.3.4f1\Editor\Unity.exe
-adb2
-batchMode
-noUpm
-name
AssetImportWorker4
-projectPath
C:/Users/r283/Desktop/Github/August_Practice_Unity/ShootingGame
-logFile
Logs/AssetImportWorker4.log
-srvPort
64422
Successfully changed project path to: C:/Users/r283/Desktop/Github/August_Practice_Unity/ShootingGame
C:/Users/r283/Desktop/Github/August_Practice_Unity/ShootingGame
[UnityMemory] Configuration Parameters - Can be set up in boot.config
    "memorysetup-bucket-allocator-granularity=16"
    "memorysetup-bucket-allocator-bucket-count=8"
    "memorysetup-bucket-allocator-block-size=33554432"
    "memorysetup-bucket-allocator-block-count=8"
    "memorysetup-main-allocator-block-size=16777216"
    "memorysetup-thread-allocator-block-size=16777216"
    "memorysetup-gfx-main-allocator-block-size=16777216"
    "memorysetup-gfx-thread-allocator-block-size=16777216"
    "memorysetup-cache-allocator-block-size=4194304"
    "memorysetup-typetree-allocator-block-size=2097152"
    "memorysetup-profiler-bucket-allocator-granularity=16"
    "memorysetup-profiler-bucket-allocator-bucket-count=8"
    "memorysetup-profiler-bucket-allocator-block-size=33554432"
    "memorysetup-profiler-bucket-allocator-block-count=8"
    "memorysetup-profiler-allocator-block-size=16777216"
    "memorysetup-profiler-editor-allocator-block-size=1048576"
    "memorysetup-temp-allocator-size-main=16777216"
    "memorysetup-job-temp-allocator-block-size=2097152"
    "memorysetup-job-temp-allocator-block-size-background=1048576"
    "memorysetup-job-temp-allocator-reduction-small-platforms=262144"
    "memorysetup-temp-allocator-size-background-worker=32768"
    "memorysetup-temp-allocator-size-job-worker=262144"
    "memorysetup-temp-allocator-size-preload-manager=33554432"
    "memorysetup-temp-allocator-size-nav-mesh-worker=65536"
    "memorysetup-temp-allocator-size-audio-worker=65536"
    "memorysetup-temp-allocator-size-cloud-worker=32768"
    "memorysetup-temp-allocator-size-gi-baking-worker=262144"
    "memorysetup-temp-allocator-size-gfx=262144"
Refreshing native plugins compatible for Editor in 93.50 ms, found 3 plugins.
Preloading 0 native plugins for Editor in 0.00 ms.
Initialize engine version: 2021.3.4f1 (cb45f9cae8b7)
[Subsystems] Discovering subsystems at path C:/Program Files/Unity/Hub/Editor/2021.3.4f1/Editor/Data/Resources/UnitySubsystems
[Subsystems] Discovering subsystems at path C:/Users/r283/Desktop/Github/August_Practice_Unity/ShootingGame/Assets
GfxDevice: creating device client; threaded=0; jobified=0
Direct3D:
    Version:  Direct3D 11.0 [level 11.1]
    Renderer: NVIDIA GeForce RTX 3070 Laptop GPU (ID=0x24dd)
    Vendor:   NVIDIA
    VRAM:     8044 MB
    Driver:   31.0.15.1659
Initialize mono
Mono path[0] = 'C:/Program Files/Unity/Hub/Editor/2021.3.4f1/Editor/Data/Managed'
Mono path[1] = 'C:/Program Files/Unity/Hub/Editor/2021.3.4f1/Editor/Data/MonoBleedingEdge/lib/mono/unityjit-win32'
Mono config path = 'C:/Program Files/Unity/Hub/Editor/2021.3.4f1/Editor/Data/MonoBleedingEdge/etc'
Using monoOptions --debugger-agent=transport=dt_socket,embedding=1,server=y,suspend=n,address=127.0.0.1:56684
Begin MonoManager ReloadAssembly
Registering precompiled unity dll's ...
Register platform support module: C:/Program Files/Unity/Hub/Editor/2021.3.4f1/Editor/Data/PlaybackEngines/WebGLSupport/UnityEditor.WebGL.Extensions.dll
Register platform support module: C:/Program Files/Unity/Hub/Editor/2021.3.4f1/Editor/Data/PlaybackEngines/WindowsStandaloneSupport/UnityEditor.WindowsStandalone.Extensions.dll
Registered in 0.005667 seconds.
Native extension for WindowsStandalone target not found
Native extension for WebGL target not found
Refreshing native plugins compatible for Editor in 82.01 ms, found 3 plugins.
Preloading 0 native plugins for Editor in 0.00 ms.
Mono: successfully reloaded assembly
- Completed reload, in  0.533 seconds
Domain Reload Profiling:
	ReloadAssembly (533ms)
		BeginReloadAssembly (65ms)
			ExecutionOrderSort (0ms)
			DisableScriptedObjects (0ms)
			BackupInstance (0ms)
			ReleaseScriptingObjects (0ms)
			CreateAndSetChildDomain (1ms)
		EndReloadAssembly (378ms)
			LoadAssemblies (63ms)
			RebuildTransferFunctionScriptingTraits (0ms)
			SetupTypeCache (79ms)
			ReleaseScriptCaches (0ms)
			RebuildScriptCaches (21ms)
			SetupLoadedEditorAssemblies (235ms)
				LogAssemblyErrors (0ms)
				InitializePlatformSupportModulesInManaged (8ms)
				SetLoadedEditorAssemblies (0ms)
				RefreshPlugins (82ms)
				BeforeProcessingInitializeOnLoad (1ms)
				ProcessInitializeOnLoadAttributes (99ms)
				ProcessInitializeOnLoadMethodAttributes (45ms)
				AfterProcessingInitializeOnLoad (0ms)
				EditorAssembliesLoaded (0ms)
			ExecutionOrderSort2 (0ms)
			AwakeInstancesAfterBackupRestoration (0ms)
Platform modules already initialized, skipping
Registering precompiled user dll's ...
Registered in 0.009139 seconds.
Begin MonoManager ReloadAssembly
Symbol file LoadedFromMemory doesn't match image C:\Users\r283\Desktop\Github\August_Practice_Unity\ShootingGame\Library\PackageCache\com.unity.visualscripting@1.7.8\Editor\VisualScripting.Core\Dependencies\YamlDotNet\Unity.VisualScripting.YamlDotNet.dll
Symbol file LoadedFromMemory doesn't match image C:\Users\r283\Desktop\Github\August_Practice_Unity\ShootingGame\Library\PackageCache\com.unity.visualscripting@1.7.8\Editor\VisualScripting.Core\Dependencies\DotNetZip\Unity.VisualScripting.IonicZip.dll
Native extension for WindowsStandalone target not found
Native extension for WebGL target not found
Refreshing native plugins compatible for Editor in 1.01 ms, found 3 plugins.
Preloading 0 native plugins for Editor in 0.00 ms.
Mono: successfully reloaded assembly
- Completed reload, in  0.850 seconds
Domain Reload Profiling:
	ReloadAssembly (851ms)
		BeginReloadAssembly (98ms)
			ExecutionOrderSort (0ms)
			DisableScriptedObjects (4ms)
			BackupInstance (0ms)
			ReleaseScriptingObjects (0ms)
			CreateAndSetChildDomain (17ms)
		EndReloadAssembly (660ms)
			LoadAssemblies (77ms)
			RebuildTransferFunctionScriptingTraits (0ms)
			SetupTypeCache (202ms)
			ReleaseScriptCaches (1ms)
			RebuildScriptCaches (37ms)
			SetupLoadedEditorAssemblies (311ms)
				LogAssemblyErrors (0ms)
				InitializePlatformSupportModulesInManaged (7ms)
				SetLoadedEditorAssemblies (0ms)
				RefreshPlugins (1ms)
				BeforeProcessingInitializeOnLoad (78ms)
				ProcessInitializeOnLoadAttributes (195ms)
				ProcessInitializeOnLoadMethodAttributes (21ms)
				AfterProcessingInitializeOnLoad (8ms)
				EditorAssembliesLoaded (0ms)
			ExecutionOrderSort2 (0ms)
			AwakeInstancesAfterBackupRestoration (8ms)
Platform modules already initialized, skipping
========================================================================
Worker process is ready to serve import requests
Launched and connected shader compiler UnityShaderCompiler.exe after 0.04 seconds
Refreshing native plugins compatible for Editor in 0.51 ms, found 3 plugins.
Preloading 0 native plugins for Editor in 0.00 ms.
Unloading 3412 Unused Serialized files (Serialized files now loaded: 0)
Unloading 28 unused Assets / (111.4 KB). Loaded Objects now: 3871.
Memory consumption went from 120.0 MB to 119.9 MB.
Total: 2.779000 ms (FindLiveObjects: 0.257100 ms CreateObjectMapping: 0.195300 ms MarkObjects: 2.238500 ms  DeleteObjects: 0.087500 ms)

AssetImportParameters requested are different than current active one (requested -> active):
  custom:video-decoder-ogg-theora: a1e56fd34408186e4bbccfd4996cb3dc -> 
  custom:container-muxer-webm: aa71ff27fc2769a1b78a27578f13a17b -> 
  custom:container-demuxer-webm: 4f35f7cbe854078d1ac9338744f61a02 -> 
  custom:video-encoder-webm-vp8: eb34c28f22e8b96e1ab97ce403110664 -> 
  custom:video-codec-MediaFoundation-h265: 746d11721c4dcdbdad8f713fa42b33f4 -> 
  custom:audio-encoder-webm-vorbis: bf7c407c2cedff20999df2af8eb42d56 -> 
  custom:framework-win-MediaFoundation: 216162199b28c13a410421893ffa2e32 -> 
  custom:container-demuxer-ogg: 62fdf1f143b41e24485cea50d1cbac27 -> 
  custom:video-decoder-webm-vp8: 9c59270c3fd7afecdb556c50c9e8de78 -> 
  custom:audio-decoder-ogg-vorbis: bf7c407c2cedff20999df2af8eb42d56 -> 
========================================================================
Received Import Request.
  Time since last request: 425597.434033 seconds.
  path: Assets/AurynSky
  artifactKey: Guid(9e946256fb91deb4c9d5f24900dfc4a9) Importer(815301076,1909f56bfc062723c751e8b465ee728b)
Start importing Assets/AurynSky using Guid(9e946256fb91deb4c9d5f24900dfc4a9) Importer(815301076,1909f56bfc062723c751e8b465ee728b)  -> (artifact id: '24e789e1032c7900a9e0b4e54d12548d') in 0.011639 seconds 
========================================================================
Received Import Request.
  Time since last request: 0.472467 seconds.
  path: Assets/AwesomeCartoonPlanes
  artifactKey: Guid(f02ffb2c01ec3be4aa10d94b852fec59) Importer(815301076,1909f56bfc062723c751e8b465ee728b)
Start importing Assets/AwesomeCartoonPlanes using Guid(f02ffb2c01ec3be4aa10d94b852fec59) Importer(815301076,1909f56bfc062723c751e8b465ee728b)  -> (artifact id: '49186e203e3c446f24760977ae08492d') in 0.006628 seconds 
========================================================================
Received Prepare
Registering precompiled user dll's ...
Registered in 0.008139 seconds.
Begin MonoManager ReloadAssembly
Symbol file LoadedFromMemory doesn't match image C:\Users\r283\Desktop\Github\August_Practice_Unity\ShootingGame\Library\PackageCache\com.unity.visualscripting@1.7.8\Editor\VisualScripting.Core\Dependencies\YamlDotNet\Unity.VisualScripting.YamlDotNet.dll
Symbol file LoadedFromMemory doesn't match image C:\Users\r283\Desktop\Github\August_Practice_Unity\ShootingGame\Library\PackageCache\com.unity.visualscripting@1.7.8\Editor\VisualScripting.Core\Dependencies\DotNetZip\Unity.VisualScripting.IonicZip.dll
Native extension for WindowsStandalone target not found
Native extension for WebGL target not found
Refreshing native plugins compatible for Editor in 0.71 ms, found 3 plugins.
Preloading 0 native plugins for Editor in 0.00 ms.
Mono: successfully reloaded assembly
- Completed reload, in  0.937 seconds
Domain Reload Profiling:
	ReloadAssembly (937ms)
		BeginReloadAssembly (120ms)
			ExecutionOrderSort (0ms)
			DisableScriptedObjects (5ms)
			BackupInstance (0ms)
			ReleaseScriptingObjects (0ms)
			CreateAndSetChildDomain (31ms)
		EndReloadAssembly (732ms)
			LoadAssemblies (78ms)
			RebuildTransferFunctionScriptingTraits (0ms)
			SetupTypeCache (232ms)
			ReleaseScriptCaches (1ms)
			RebuildScriptCaches (43ms)
			SetupLoadedEditorAssemblies (327ms)
				LogAssemblyErrors (0ms)
				InitializePlatformSupportModulesInManaged (13ms)
				SetLoadedEditorAssemblies (0ms)
				RefreshPlugins (1ms)
				BeforeProcessingInitializeOnLoad (67ms)
				ProcessInitializeOnLoadAttributes (206ms)
				ProcessInitializeOnLoadMethodAttributes (29ms)
				AfterProcessingInitializeOnLoad (10ms)
				EditorAssembliesLoaded (0ms)
			ExecutionOrderSort2 (0ms)
			AwakeInstancesAfterBackupRestoration (13ms)
Platform modules already initialized, skipping
Refreshing native plugins compatible for Editor in 2.62 ms, found 3 plugins.
Preloading 0 native plugins for Editor in 0.00 ms.
Unloading 3405 Unused Serialized files (Serialized files now loaded: 0)
Unloading 21 unused Assets / (78.8 KB). Loaded Objects now: 3874.
Memory consumption went from 119.7 MB to 119.6 MB.
Total: 2.952600 ms (FindLiveObjects: 0.228000 ms CreateObjectMapping: 0.178000 ms MarkObjects: 2.459900 ms  DeleteObjects: 0.086100 ms)

AssetImportParameters requested are different than current active one (requested -> active):
  custom:video-decoder-ogg-theora: a1e56fd34408186e4bbccfd4996cb3dc -> 
  custom:container-muxer-webm: aa71ff27fc2769a1b78a27578f13a17b -> 
  custom:container-demuxer-webm: 4f35f7cbe854078d1ac9338744f61a02 -> 
  custom:video-encoder-webm-vp8: eb34c28f22e8b96e1ab97ce403110664 -> 
  custom:video-codec-MediaFoundation-h265: 746d11721c4dcdbdad8f713fa42b33f4 -> 
  custom:audio-encoder-webm-vorbis: bf7c407c2cedff20999df2af8eb42d56 -> 
  custom:framework-win-MediaFoundation: 216162199b28c13a410421893ffa2e32 -> 
  custom:container-demuxer-ogg: 62fdf1f143b41e24485cea50d1cbac27 -> 
  custom:video-decoder-webm-vp8: 9c59270c3fd7afecdb556c50c9e8de78 -> 
  custom:audio-decoder-ogg-vorbis: bf7c407c2cedff20999df2af8eb42d56 -> 
========================================================================
Received Import Request.
  Time since last request: 178.908510 seconds.
  path: Assets/Prefabs/Enemy.prefab
  artifactKey: Guid(515a9920194a03340a0fde0efee7ed00) Importer(815301076,1909f56bfc062723c751e8b465ee728b)
Start importing Assets/Prefabs/Enemy.prefab using Guid(515a9920194a03340a0fde0efee7ed00) Importer(815301076,1909f56bfc062723c751e8b465ee728b)  -> (artifact id: '8a902c8378bd9c59479c2fd32546e10c') in 0.146954 seconds 
========================================================================
Received Import Request.
  Time since last request: 14.172062 seconds.
  path: Assets/AurynSky/Rockets Missiles and Bombs
  artifactKey: Guid(34c859ed82ad37d43b150be208c0ae7c) Importer(815301076,1909f56bfc062723c751e8b465ee728b)
Start importing Assets/AurynSky/Rockets Missiles and Bombs using Guid(34c859ed82ad37d43b150be208c0ae7c) Importer(815301076,1909f56bfc062723c751e8b465ee728b)  -> (artifact id: '2c59a30b73f8066a5436ee86a7dcea7c') in 0.005881 seconds 
========================================================================
Received Import Request.
  Time since last request: 0.968300 seconds.
  path: Assets/AurynSky/Rockets Missiles and Bombs/Prefabs
  artifactKey: Guid(dac552d33239a9145afb6dbc5232730f) Importer(815301076,1909f56bfc062723c751e8b465ee728b)
Start importing Assets/AurynSky/Rockets Missiles and Bombs/Prefabs using Guid(dac552d33239a9145afb6dbc5232730f) Importer(815301076,1909f56bfc062723c751e8b465ee728b)  -> (artifact id: '61f824bcf5568a3d33ae83d9a8972aad') in 0.002151 seconds 
========================================================================
Received Import Request.
  Time since last request: 7.763364 seconds.
  path: Assets/AurynSky/Rockets Missiles and Bombs/Prefabs/Yellow
  artifactKey: Guid(3e311eaa27b23dc418911a9143c2893f) Importer(815301076,1909f56bfc062723c751e8b465ee728b)
Start importing Assets/AurynSky/Rockets Missiles and Bombs/Prefabs/Yellow using Guid(3e311eaa27b23dc418911a9143c2893f) Importer(815301076,1909f56bfc062723c751e8b465ee728b)  -> (artifact id: '6152e7dcb06e35bc2474a5119b80c1c0') in 0.006004 seconds 
========================================================================
Received Import Request.
  Time since last request: 0.047221 seconds.
  path: Assets/AurynSky/Rockets Missiles and Bombs/Prefabs/Yellow/Rocket01_Yellow.prefab
  artifactKey: Guid(0d686735bf3955e4d89fce1610683f6b) Importer(815301076,1909f56bfc062723c751e8b465ee728b)
Start importing Assets/AurynSky/Rockets Missiles and Bombs/Prefabs/Yellow/Rocket01_Yellow.prefab using Guid(0d686735bf3955e4d89fce1610683f6b) Importer(815301076,1909f56bfc062723c751e8b465ee728b)  -> (artifact id: 'fcb202744abe44f65917f502281f23e6') in 0.042304 seconds 
========================================================================
Received Import Request.
  Time since last request: 0.000027 seconds.
  path: Assets/AurynSky/Rockets Missiles and Bombs/Prefabs/Yellow/Rocket03_Yellow.prefab
  artifactKey: Guid(7322cddb1b496e94a9b5aa53b65dff7e) Importer(815301076,1909f56bfc062723c751e8b465ee728b)
Start importing Assets/AurynSky/Rockets Missiles and Bombs/Prefabs/Yellow/Rocket03_Yellow.prefab using Guid(7322cddb1b496e94a9b5aa53b65dff7e) Importer(815301076,1909f56bfc062723c751e8b465ee728b)  -> (artifact id: 'd8322879e3d0cee6324607d4e1146663') in 0.018574 seconds 
========================================================================
Received Import Request.
  Time since last request: 0.000032 seconds.
  path: Assets/AurynSky/Rockets Missiles and Bombs/Prefabs/Yellow/Rocket08_Yellow.prefab
  artifactKey: Guid(44e971c845ba99043935ea351e71dc94) Importer(815301076,1909f56bfc062723c751e8b465ee728b)
Start importing Assets/AurynSky/Rockets Missiles and Bombs/Prefabs/Yellow/Rocket08_Yellow.prefab using Guid(44e971c845ba99043935ea351e71dc94) Importer(815301076,1909f56bfc062723c751e8b465ee728b)  -> (artifact id: '9e68c3d8c96946bca6fae2a22f34e529') in 0.017529 seconds 
========================================================================
Received Import Request.
  Time since last request: 0.000018 seconds.
  path: Assets/AurynSky/Rockets Missiles and Bombs/Prefabs/Yellow/Rocket11_Yellow.prefab
  artifactKey: Guid(50c21b4a95fdfcd42bb91d8c09030249) Importer(815301076,1909f56bfc062723c751e8b465ee728b)
Start importing Assets/AurynSky/Rockets Missiles and Bombs/Prefabs/Yellow/Rocket11_Yellow.prefab using Guid(50c21b4a95fdfcd42bb91d8c09030249) Importer(815301076,1909f56bfc062723c751e8b465ee728b)  -> (artifact id: '8a376a23352ed65e3f33dc440b0a38f7') in 0.017860 seconds 
========================================================================
Received Import Request.
  Time since last request: 0.000019 seconds.
  path: Assets/AurynSky/Rockets Missiles and Bombs/Prefabs/Yellow/Rocket21_Yellow.prefab
  artifactKey: Guid(a87c9cf14525cc945aa12de73f8b0b6c) Importer(815301076,1909f56bfc062723c751e8b465ee728b)
Start importing Assets/AurynSky/Rockets Missiles and Bombs/Prefabs/Yellow/Rocket21_Yellow.prefab using Guid(a87c9cf14525cc945aa12de73f8b0b6c) Importer(815301076,1909f56bfc062723c751e8b465ee728b)  -> (artifact id: '0d6e8c0be50595b35d7661dc2b426c0f') in 0.016699 seconds 
========================================================================
Received Import Request.
  Time since last request: 0.000018 seconds.
  path: Assets/AurynSky/Rockets Missiles and Bombs/Prefabs/Yellow/Rocket23_Yellow.prefab
  artifactKey: Guid(f57b6d792fb98be48a5d28577fdc040c) Importer(815301076,1909f56bfc062723c751e8b465ee728b)
Start importing Assets/AurynSky/Rockets Missiles and Bombs/Prefabs/Yellow/Rocket23_Yellow.prefab using Guid(f57b6d792fb98be48a5d28577fdc040c) Importer(815301076,1909f56bfc062723c751e8b465ee728b)  -> (artifact id: '809278da94fdb58c8bb5db70803b66ec') in 0.019170 seconds 
========================================================================
Received Import Request.
  Time since last request: 0.000020 seconds.
  path: Assets/AurynSky/Rockets Missiles and Bombs/Prefabs/Yellow/Rocket27_Yellow.prefab
  artifactKey: Guid(ddaebb2b451033e4492ae0180b37f959) Importer(815301076,1909f56bfc062723c751e8b465ee728b)
Start importing Assets/AurynSky/Rockets Missiles and Bombs/Prefabs/Yellow/Rocket27_Yellow.prefab using Guid(ddaebb2b451033e4492ae0180b37f959) Importer(815301076,1909f56bfc062723c751e8b465ee728b)  -> (artifact id: '56ab672278c18e5c0a8956084779d5bd') in 0.033509 seconds 
========================================================================
Received Import Request.
  Time since last request: 0.000017 seconds.
  path: Assets/AurynSky/Rockets Missiles and Bombs/Prefabs/Yellow/Rocket29_Yellow.prefab
  artifactKey: Guid(9e554f12240d5724f89e1a7d38ac98b6) Importer(815301076,1909f56bfc062723c751e8b465ee728b)
Start importing Assets/AurynSky/Rockets Missiles and Bombs/Prefabs/Yellow/Rocket29_Yellow.prefab using Guid(9e554f12240d5724f89e1a7d38ac98b6) Importer(815301076,1909f56bfc062723c751e8b465ee728b)  -> (artifact id: '177eaa93d3e91bd322c355427d3c05af') in 0.030269 seconds 
========================================================================
Received Import Request.
  Time since last request: 0.000019 seconds.
  path: Assets/AurynSky/Rockets Missiles and Bombs/Prefabs/Yellow/Rocket09_Yellow.prefab
  artifactKey: Guid(be2ba3c9cce29ae45b22a05f0a213763) Importer(815301076,1909f56bfc062723c751e8b465ee728b)
Start importing Assets/AurynSky/Rockets Missiles and Bombs/Prefabs/Yellow/Rocket09_Yellow.prefab using Guid(be2ba3c9cce29ae45b22a05f0a213763) Importer(815301076,1909f56bfc062723c751e8b465ee728b)  -> (artifact id: 'e571ea03d732de09d4b34eee8cffff21') in 0.036583 seconds 
========================================================================
Received Import Request.
  Time since last request: 0.000023 seconds.
  path: Assets/AurynSky/Rockets Missiles and Bombs/Prefabs/Yellow/Rocket17_Yellow.prefab
  artifactKey: Guid(f22d592187d995947a1a65385ce129f6) Importer(815301076,1909f56bfc062723c751e8b465ee728b)
Start importing Assets/AurynSky/Rockets Missiles and Bombs/Prefabs/Yellow/Rocket17_Yellow.prefab using Guid(f22d592187d995947a1a65385ce129f6) Importer(815301076,1909f56bfc062723c751e8b465ee728b)  -> (artifact id: '37447fd0fc1cd66decad93aff5e528d7') in 0.032605 seconds 
========================================================================
Received Import Request.
  Time since last request: 0.000034 seconds.
  path: Assets/AurynSky/Rockets Missiles and Bombs/Prefabs/Yellow/Rocket07_Yellow.prefab
  artifactKey: Guid(d8c23dd44f6189143a7ace47500afb1b) Importer(815301076,1909f56bfc062723c751e8b465ee728b)
Start importing Assets/AurynSky/Rockets Missiles and Bombs/Prefabs/Yellow/Rocket07_Yellow.prefab using Guid(d8c23dd44f6189143a7ace47500afb1b) Importer(815301076,1909f56bfc062723c751e8b465ee728b)  -> (artifact id: '9ca8fb72b88fb102c269a6e0b2058caf') in 0.020107 seconds 
========================================================================
Received Import Request.
  Time since last request: 0.000016 seconds.
  path: Assets/AurynSky/Rockets Missiles and Bombs/Prefabs/Yellow/Rocket30_Yellow.prefab
  artifactKey: Guid(50b7a34f77138a047b5b3ff704ed8e65) Importer(815301076,1909f56bfc062723c751e8b465ee728b)
Start importing Assets/AurynSky/Rockets Missiles and Bombs/Prefabs/Yellow/Rocket30_Yellow.prefab using Guid(50b7a34f77138a047b5b3ff704ed8e65) Importer(815301076,1909f56bfc062723c751e8b465ee728b)  -> (artifact id: 'a9d5c94a15b5922cb60bada6622a5797') in 0.022126 seconds 
========================================================================
Received Import Request.
  Time since last request: 0.000016 seconds.
  path: Assets/AurynSky/Rockets Missiles and Bombs/Prefabs/Yellow/Rocket06_Yellow.prefab
  artifactKey: Guid(053330ce7545f804e8bdabaa1fc96965) Importer(815301076,1909f56bfc062723c751e8b465ee728b)
Start importing Assets/AurynSky/Rockets Missiles and Bombs/Prefabs/Yellow/Rocket06_Yellow.prefab using Guid(053330ce7545f804e8bdabaa1fc96965) Importer(815301076,1909f56bfc062723c751e8b465ee728b)  -> (artifact id: '73a094e1bc76fc6c1b3a3b5f55429360') in 0.021639 seconds 
========================================================================
Received Import Request.
  Time since last request: 0.000016 seconds.
  path: Assets/AurynSky/Rockets Missiles and Bombs/Prefabs/Yellow/Rocket16_Yellow.prefab
  artifactKey: Guid(2f8a7bfafa52273489ba55e558723308) Importer(815301076,1909f56bfc062723c751e8b465ee728b)
Start importing Assets/AurynSky/Rockets Missiles and Bombs/Prefabs/Yellow/Rocket16_Yellow.prefab using Guid(2f8a7bfafa52273489ba55e558723308) Importer(815301076,1909f56bfc062723c751e8b465ee728b)  -> (artifact id: '360390c3d9c9233217e75cba9bc65328') in 0.017454 seconds 
========================================================================
Received Import Request.
  Time since last request: 0.000022 seconds.
  path: Assets/AurynSky/Rockets Missiles and Bombs/Prefabs/Yellow/Rocket20_Yellow.prefab
  artifactKey: Guid(f2a012c9a5312dc46a3d14cbf61eba5d) Importer(815301076,1909f56bfc062723c751e8b465ee728b)
Start importing Assets/AurynSky/Rockets Missiles and Bombs/Prefabs/Yellow/Rocket20_Yellow.prefab using Guid(f2a012c9a5312dc46a3d14cbf61eba5d) Importer(815301076,1909f56bfc062723c751e8b465ee728b)  -> (artifact id: '3a98c74d46fc3f5be001297e5cf0252c') in 0.018329 seconds 
========================================================================
Received Import Request.
  Time since last request: 0.000018 seconds.
  path: Assets/AurynSky/Rockets Missiles and Bombs/Prefabs/Yellow/Rocket26_Yellow.prefab
  artifactKey: Guid(66c2545cec1c206479a113882cfa8b9b) Importer(815301076,1909f56bfc062723c751e8b465ee728b)
Start importing Assets/AurynSky/Rockets Missiles and Bombs/Prefabs/Yellow/Rocket26_Yellow.prefab using Guid(66c2545cec1c206479a113882cfa8b9b) Importer(815301076,1909f56bfc062723c751e8b465ee728b)  -> (artifact id: 'c136581011bf01bfae9c7885d4648f74') in 0.019245 seconds 
========================================================================
Received Import Request.
  Time since last request: 0.000020 seconds.
  path: Assets/AurynSky/Rockets Missiles and Bombs/Prefabs/Yellow/Rocket12_Yellow.prefab
  artifactKey: Guid(0a4e3ee3c4c99bf41942f0140f878a92) Importer(815301076,1909f56bfc062723c751e8b465ee728b)
Start importing Assets/AurynSky/Rockets Missiles and Bombs/Prefabs/Yellow/Rocket12_Yellow.prefab using Guid(0a4e3ee3c4c99bf41942f0140f878a92) Importer(815301076,1909f56bfc062723c751e8b465ee728b)  -> (artifact id: '66d3c21c7dae8e47f93a64ea39893063') in 0.018032 seconds 
========================================================================
Received Import Request.
  Time since last request: 0.000020 seconds.
  path: Assets/AurynSky/Rockets Missiles and Bombs/Prefabs/Yellow/Rocket22_Yellow.prefab
  artifactKey: Guid(11c088897cb669248ba1c4e28cba1ed1) Importer(815301076,1909f56bfc062723c751e8b465ee728b)
Start importing Assets/AurynSky/Rockets Missiles and Bombs/Prefabs/Yellow/Rocket22_Yellow.prefab using Guid(11c088897cb669248ba1c4e28cba1ed1) Importer(815301076,1909f56bfc062723c751e8b465ee728b)  -> (artifact id: 'd722ddc37fc43992de1029a9d7fddb2a') in 0.017734 seconds 
Editor requested this worker to shutdown with reason: Scaling down because of idle timeout
AssetImportWorker is now disconnected from the server
Process exiting
Exiting without the bug reporter. Application will terminate with return code 0