Using pre-set license
Built from '2021.3/staging' branch; Version is '2021.3.4f1 (cb45f9cae8b7) revision 13321721'; Using compiler version '192829333'; Build Type 'Release'
OS: 'Windows 11  (10.0.22000) 64bit Professional' Language: 'ko' Physical Memory: 32620 MB
BatchMode: 1, IsHumanControllingUs: 0, StartBugReporterOnCrash: 0, Is64bit: 1, IsPro: 1

COMMAND LINE ARGUMENTS:
C:\Program Files\Unity\Hub\Editor\2021.3.4f1\Editor\Unity.exe
-adb2
-batchMode
-noUpm
-name
AssetImportWorker3
-projectPath
C:/Users/r283/Desktop/Github/August_Practice_Unity/ShootingGame
-logFile
Logs/AssetImportWorker3.log
-srvPort
64422
Successfully changed project path to: C:/Users/r283/Desktop/Github/August_Practice_Unity/ShootingGame
C:/Users/r283/Desktop/Github/August_Practice_Unity/ShootingGame
[UnityMemory] Configuration Parameters - Can be set up in boot.config
    "memorysetup-bucket-allocator-granularity=16"
    "memorysetup-bucket-allocator-bucket-count=8"
    "memorysetup-bucket-allocator-block-size=33554432"
    "memorysetup-bucket-allocator-block-count=8"
    "memorysetup-main-allocator-block-size=16777216"
    "memorysetup-thread-allocator-block-size=16777216"
    "memorysetup-gfx-main-allocator-block-size=16777216"
    "memorysetup-gfx-thread-allocator-block-size=16777216"
    "memorysetup-cache-allocator-block-size=4194304"
    "memorysetup-typetree-allocator-block-size=2097152"
    "memorysetup-profiler-bucket-allocator-granularity=16"
    "memorysetup-profiler-bucket-allocator-bucket-count=8"
    "memorysetup-profiler-bucket-allocator-block-size=33554432"
    "memorysetup-profiler-bucket-allocator-block-count=8"
    "memorysetup-profiler-allocator-block-size=16777216"
    "memorysetup-profiler-editor-allocator-block-size=1048576"
    "memorysetup-temp-allocator-size-main=16777216"
    "memorysetup-job-temp-allocator-block-size=2097152"
    "memorysetup-job-temp-allocator-block-size-background=1048576"
    "memorysetup-job-temp-allocator-reduction-small-platforms=262144"
    "memorysetup-temp-allocator-size-background-worker=32768"
    "memorysetup-temp-allocator-size-job-worker=262144"
    "memorysetup-temp-allocator-size-preload-manager=33554432"
    "memorysetup-temp-allocator-size-nav-mesh-worker=65536"
    "memorysetup-temp-allocator-size-audio-worker=65536"
    "memorysetup-temp-allocator-size-cloud-worker=32768"
    "memorysetup-temp-allocator-size-gi-baking-worker=262144"
    "memorysetup-temp-allocator-size-gfx=262144"
Refreshing native plugins compatible for Editor in 82.49 ms, found 3 plugins.
Preloading 0 native plugins for Editor in 0.00 ms.
Initialize engine version: 2021.3.4f1 (cb45f9cae8b7)
[Subsystems] Discovering subsystems at path C:/Program Files/Unity/Hub/Editor/2021.3.4f1/Editor/Data/Resources/UnitySubsystems
[Subsystems] Discovering subsystems at path C:/Users/r283/Desktop/Github/August_Practice_Unity/ShootingGame/Assets
GfxDevice: creating device client; threaded=0; jobified=0
Direct3D:
    Version:  Direct3D 11.0 [level 11.1]
    Renderer: NVIDIA GeForce RTX 3070 Laptop GPU (ID=0x24dd)
    Vendor:   NVIDIA
    VRAM:     8044 MB
    Driver:   31.0.15.1659
Initialize mono
Mono path[0] = 'C:/Program Files/Unity/Hub/Editor/2021.3.4f1/Editor/Data/Managed'
Mono path[1] = 'C:/Program Files/Unity/Hub/Editor/2021.3.4f1/Editor/Data/MonoBleedingEdge/lib/mono/unityjit-win32'
Mono config path = 'C:/Program Files/Unity/Hub/Editor/2021.3.4f1/Editor/Data/MonoBleedingEdge/etc'
Using monoOptions --debugger-agent=transport=dt_socket,embedding=1,server=y,suspend=n,address=127.0.0.1:56192
Begin MonoManager ReloadAssembly
Registering precompiled unity dll's ...
Register platform support module: C:/Program Files/Unity/Hub/Editor/2021.3.4f1/Editor/Data/PlaybackEngines/WebGLSupport/UnityEditor.WebGL.Extensions.dll
Register platform support module: C:/Program Files/Unity/Hub/Editor/2021.3.4f1/Editor/Data/PlaybackEngines/WindowsStandaloneSupport/UnityEditor.WindowsStandalone.Extensions.dll
Registered in 0.005638 seconds.
Native extension for WindowsStandalone target not found
Native extension for WebGL target not found
Refreshing native plugins compatible for Editor in 73.39 ms, found 3 plugins.
Preloading 0 native plugins for Editor in 0.00 ms.
Mono: successfully reloaded assembly
- Completed reload, in  0.549 seconds
Domain Reload Profiling:
	ReloadAssembly (549ms)
		BeginReloadAssembly (62ms)
			ExecutionOrderSort (0ms)
			DisableScriptedObjects (0ms)
			BackupInstance (0ms)
			ReleaseScriptingObjects (0ms)
			CreateAndSetChildDomain (1ms)
		EndReloadAssembly (393ms)
			LoadAssemblies (60ms)
			RebuildTransferFunctionScriptingTraits (0ms)
			SetupTypeCache (85ms)
			ReleaseScriptCaches (0ms)
			RebuildScriptCaches (21ms)
			SetupLoadedEditorAssemblies (237ms)
				LogAssemblyErrors (0ms)
				InitializePlatformSupportModulesInManaged (8ms)
				SetLoadedEditorAssemblies (0ms)
				RefreshPlugins (74ms)
				BeforeProcessingInitializeOnLoad (1ms)
				ProcessInitializeOnLoadAttributes (106ms)
				ProcessInitializeOnLoadMethodAttributes (48ms)
				AfterProcessingInitializeOnLoad (0ms)
				EditorAssembliesLoaded (0ms)
			ExecutionOrderSort2 (0ms)
			AwakeInstancesAfterBackupRestoration (0ms)
Platform modules already initialized, skipping
Registering precompiled user dll's ...
Registered in 0.008458 seconds.
Begin MonoManager ReloadAssembly
Symbol file LoadedFromMemory doesn't match image C:\Users\r283\Desktop\Github\August_Practice_Unity\ShootingGame\Library\PackageCache\com.unity.visualscripting@1.7.8\Editor\VisualScripting.Core\Dependencies\YamlDotNet\Unity.VisualScripting.YamlDotNet.dll
Symbol file LoadedFromMemory doesn't match image C:\Users\r283\Desktop\Github\August_Practice_Unity\ShootingGame\Library\PackageCache\com.unity.visualscripting@1.7.8\Editor\VisualScripting.Core\Dependencies\DotNetZip\Unity.VisualScripting.IonicZip.dll
Native extension for WindowsStandalone target not found
Native extension for WebGL target not found
Refreshing native plugins compatible for Editor in 1.00 ms, found 3 plugins.
Preloading 0 native plugins for Editor in 0.00 ms.
Mono: successfully reloaded assembly
- Completed reload, in  0.857 seconds
Domain Reload Profiling:
	ReloadAssembly (858ms)
		BeginReloadAssembly (97ms)
			ExecutionOrderSort (0ms)
			DisableScriptedObjects (4ms)
			BackupInstance (0ms)
			ReleaseScriptingObjects (0ms)
			CreateAndSetChildDomain (17ms)
		EndReloadAssembly (666ms)
			LoadAssemblies (71ms)
			RebuildTransferFunctionScriptingTraits (0ms)
			SetupTypeCache (200ms)
			ReleaseScriptCaches (0ms)
			RebuildScriptCaches (38ms)
			SetupLoadedEditorAssemblies (319ms)
				LogAssemblyErrors (0ms)
				InitializePlatformSupportModulesInManaged (7ms)
				SetLoadedEditorAssemblies (1ms)
				RefreshPlugins (1ms)
				BeforeProcessingInitializeOnLoad (82ms)
				ProcessInitializeOnLoadAttributes (196ms)
				ProcessInitializeOnLoadMethodAttributes (23ms)
				AfterProcessingInitializeOnLoad (8ms)
				EditorAssembliesLoaded (0ms)
			ExecutionOrderSort2 (0ms)
			AwakeInstancesAfterBackupRestoration (9ms)
Platform modules already initialized, skipping
========================================================================
Worker process is ready to serve import requests
Launched and connected shader compiler UnityShaderCompiler.exe after 0.04 seconds
Refreshing native plugins compatible for Editor in 0.64 ms, found 3 plugins.
Preloading 0 native plugins for Editor in 0.00 ms.
Unloading 3412 Unused Serialized files (Serialized files now loaded: 0)
Unloading 28 unused Assets / (111.4 KB). Loaded Objects now: 3871.
Memory consumption went from 120.0 MB to 119.9 MB.
Total: 3.598000 ms (FindLiveObjects: 0.231600 ms CreateObjectMapping: 0.090700 ms MarkObjects: 3.168800 ms  DeleteObjects: 0.106100 ms)

AssetImportParameters requested are different than current active one (requested -> active):
  custom:video-decoder-ogg-theora: a1e56fd34408186e4bbccfd4996cb3dc -> 
  custom:container-muxer-webm: aa71ff27fc2769a1b78a27578f13a17b -> 
  custom:container-demuxer-webm: 4f35f7cbe854078d1ac9338744f61a02 -> 
  custom:video-encoder-webm-vp8: eb34c28f22e8b96e1ab97ce403110664 -> 
  custom:video-codec-MediaFoundation-h265: 746d11721c4dcdbdad8f713fa42b33f4 -> 
  custom:audio-encoder-webm-vorbis: bf7c407c2cedff20999df2af8eb42d56 -> 
  custom:framework-win-MediaFoundation: 216162199b28c13a410421893ffa2e32 -> 
  custom:container-demuxer-ogg: 62fdf1f143b41e24485cea50d1cbac27 -> 
  custom:video-decoder-webm-vp8: 9c59270c3fd7afecdb556c50c9e8de78 -> 
  custom:audio-decoder-ogg-vorbis: bf7c407c2cedff20999df2af8eb42d56 -> 
========================================================================
Received Prepare
Registering precompiled user dll's ...
Registered in 0.008257 seconds.
Begin MonoManager ReloadAssembly
Symbol file LoadedFromMemory doesn't match image C:\Users\r283\Desktop\Github\August_Practice_Unity\ShootingGame\Library\PackageCache\com.unity.visualscripting@1.7.8\Editor\VisualScripting.Core\Dependencies\YamlDotNet\Unity.VisualScripting.YamlDotNet.dll
Symbol file LoadedFromMemory doesn't match image C:\Users\r283\Desktop\Github\August_Practice_Unity\ShootingGame\Library\PackageCache\com.unity.visualscripting@1.7.8\Editor\VisualScripting.Core\Dependencies\DotNetZip\Unity.VisualScripting.IonicZip.dll
Native extension for WindowsStandalone target not found
Native extension for WebGL target not found
Refreshing native plugins compatible for Editor in 0.72 ms, found 3 plugins.
Preloading 0 native plugins for Editor in 0.00 ms.
Mono: successfully reloaded assembly
- Completed reload, in  0.934 seconds
Domain Reload Profiling:
	ReloadAssembly (934ms)
		BeginReloadAssembly (119ms)
			ExecutionOrderSort (0ms)
			DisableScriptedObjects (6ms)
			BackupInstance (0ms)
			ReleaseScriptingObjects (0ms)
			CreateAndSetChildDomain (31ms)
		EndReloadAssembly (730ms)
			LoadAssemblies (80ms)
			RebuildTransferFunctionScriptingTraits (0ms)
			SetupTypeCache (225ms)
			ReleaseScriptCaches (1ms)
			RebuildScriptCaches (41ms)
			SetupLoadedEditorAssemblies (327ms)
				LogAssemblyErrors (0ms)
				InitializePlatformSupportModulesInManaged (13ms)
				SetLoadedEditorAssemblies (0ms)
				RefreshPlugins (1ms)
				BeforeProcessingInitializeOnLoad (68ms)
				ProcessInitializeOnLoadAttributes (203ms)
				ProcessInitializeOnLoadMethodAttributes (30ms)
				AfterProcessingInitializeOnLoad (11ms)
				EditorAssembliesLoaded (0ms)
			ExecutionOrderSort2 (0ms)
			AwakeInstancesAfterBackupRestoration (12ms)
Platform modules already initialized, skipping
Refreshing native plugins compatible for Editor in 2.15 ms, found 3 plugins.
Preloading 0 native plugins for Editor in 0.00 ms.
Unloading 3405 Unused Serialized files (Serialized files now loaded: 0)
Unloading 21 unused Assets / (78.8 KB). Loaded Objects now: 3874.
Memory consumption went from 119.8 MB to 119.7 MB.
Total: 2.738100 ms (FindLiveObjects: 0.233000 ms CreateObjectMapping: 0.171800 ms MarkObjects: 2.250800 ms  DeleteObjects: 0.081700 ms)

AssetImportParameters requested are different than current active one (requested -> active):
  custom:video-decoder-ogg-theora: a1e56fd34408186e4bbccfd4996cb3dc -> 
  custom:container-muxer-webm: aa71ff27fc2769a1b78a27578f13a17b -> 
  custom:container-demuxer-webm: 4f35f7cbe854078d1ac9338744f61a02 -> 
  custom:video-encoder-webm-vp8: eb34c28f22e8b96e1ab97ce403110664 -> 
  custom:video-codec-MediaFoundation-h265: 746d11721c4dcdbdad8f713fa42b33f4 -> 
  custom:audio-encoder-webm-vorbis: bf7c407c2cedff20999df2af8eb42d56 -> 
  custom:framework-win-MediaFoundation: 216162199b28c13a410421893ffa2e32 -> 
  custom:container-demuxer-ogg: 62fdf1f143b41e24485cea50d1cbac27 -> 
  custom:video-decoder-webm-vp8: 9c59270c3fd7afecdb556c50c9e8de78 -> 
  custom:audio-decoder-ogg-vorbis: bf7c407c2cedff20999df2af8eb42d56 -> 
========================================================================
Received Import Request.
  Time since last request: 425799.987147 seconds.
  path: Assets/AurynSky/Rockets Missiles and Bombs/Prefabs/Yellow/Rocket02_Yellow.prefab
  artifactKey: Guid(6cbf0ce76b5f16249adbf6d3d6590d1a) Importer(815301076,1909f56bfc062723c751e8b465ee728b)
Start importing Assets/AurynSky/Rockets Missiles and Bombs/Prefabs/Yellow/Rocket02_Yellow.prefab using Guid(6cbf0ce76b5f16249adbf6d3d6590d1a) Importer(815301076,1909f56bfc062723c751e8b465ee728b)  -> (artifact id: '677918e88452f920e364231831f7aa99') in 0.131801 seconds 
========================================================================
Received Import Request.
  Time since last request: 0.000019 seconds.
  path: Assets/AurynSky/Rockets Missiles and Bombs/Prefabs/Yellow/Rocket24_Yellow.prefab
  artifactKey: Guid(4259a658b50f6d342a2523b401cba5be) Importer(815301076,1909f56bfc062723c751e8b465ee728b)
Start importing Assets/AurynSky/Rockets Missiles and Bombs/Prefabs/Yellow/Rocket24_Yellow.prefab using Guid(4259a658b50f6d342a2523b401cba5be) Importer(815301076,1909f56bfc062723c751e8b465ee728b)  -> (artifact id: '00ad597f75b8e2c16a59cac39f716fcf') in 0.053253 seconds 
========================================================================
Received Import Request.
  Time since last request: 0.000018 seconds.
  path: Assets/AurynSky/Rockets Missiles and Bombs/Prefabs/Yellow/Rocket05_Yellow.prefab
  artifactKey: Guid(2e9afbbf945244a48843b05a8094d29f) Importer(815301076,1909f56bfc062723c751e8b465ee728b)
Start importing Assets/AurynSky/Rockets Missiles and Bombs/Prefabs/Yellow/Rocket05_Yellow.prefab using Guid(2e9afbbf945244a48843b05a8094d29f) Importer(815301076,1909f56bfc062723c751e8b465ee728b)  -> (artifact id: '847b5a3daf485a30080c5d1108015fcc') in 0.028934 seconds 
========================================================================
Received Import Request.
  Time since last request: 0.000029 seconds.
  path: Assets/AurynSky/Rockets Missiles and Bombs/Prefabs/Yellow/Rocket25_Yellow.prefab
  artifactKey: Guid(3425d348aee5f1143873523e419090c1) Importer(815301076,1909f56bfc062723c751e8b465ee728b)
Start importing Assets/AurynSky/Rockets Missiles and Bombs/Prefabs/Yellow/Rocket25_Yellow.prefab using Guid(3425d348aee5f1143873523e419090c1) Importer(815301076,1909f56bfc062723c751e8b465ee728b)  -> (artifact id: '027b729853c39280f6d94e7c7259e080') in 0.036078 seconds 
========================================================================
Received Import Request.
  Time since last request: 0.000028 seconds.
  path: Assets/AurynSky/Rockets Missiles and Bombs/Prefabs/Yellow/Rocket28_Yellow.prefab
  artifactKey: Guid(841e0851c8a28ca4191d9b70b97e2d5b) Importer(815301076,1909f56bfc062723c751e8b465ee728b)
Start importing Assets/AurynSky/Rockets Missiles and Bombs/Prefabs/Yellow/Rocket28_Yellow.prefab using Guid(841e0851c8a28ca4191d9b70b97e2d5b) Importer(815301076,1909f56bfc062723c751e8b465ee728b)  -> (artifact id: '4a89d9b13107f4ee9a4cba371f385e1a') in 0.031565 seconds 
========================================================================
Received Import Request.
  Time since last request: 0.000018 seconds.
  path: Assets/AurynSky/Rockets Missiles and Bombs/Prefabs/Yellow/Rocket19_Yellow.prefab
  artifactKey: Guid(b3f605f74025b69479fd3f3bc558539f) Importer(815301076,1909f56bfc062723c751e8b465ee728b)
Start importing Assets/AurynSky/Rockets Missiles and Bombs/Prefabs/Yellow/Rocket19_Yellow.prefab using Guid(b3f605f74025b69479fd3f3bc558539f) Importer(815301076,1909f56bfc062723c751e8b465ee728b)  -> (artifact id: '344117735a477e542140a17342a98386') in 0.043941 seconds 
========================================================================
Received Import Request.
  Time since last request: 0.000016 seconds.
  path: Assets/AurynSky/Rockets Missiles and Bombs/Prefabs/Yellow/Rocket18_Yellow.prefab
  artifactKey: Guid(87fe9d26415e46a4d86ae79d81c14726) Importer(815301076,1909f56bfc062723c751e8b465ee728b)
Start importing Assets/AurynSky/Rockets Missiles and Bombs/Prefabs/Yellow/Rocket18_Yellow.prefab using Guid(87fe9d26415e46a4d86ae79d81c14726) Importer(815301076,1909f56bfc062723c751e8b465ee728b)  -> (artifact id: 'd144d13cb532b268845415903eac9b44') in 0.021281 seconds 
========================================================================
Received Import Request.
  Time since last request: 0.000017 seconds.
  path: Assets/AurynSky/Rockets Missiles and Bombs/Prefabs/Yellow/Rocket10_Yellow.prefab
  artifactKey: Guid(eb76bd901985bef4198627f473e07dd1) Importer(815301076,1909f56bfc062723c751e8b465ee728b)
Start importing Assets/AurynSky/Rockets Missiles and Bombs/Prefabs/Yellow/Rocket10_Yellow.prefab using Guid(eb76bd901985bef4198627f473e07dd1) Importer(815301076,1909f56bfc062723c751e8b465ee728b)  -> (artifact id: '2ba4e3f7e0d15e44298b1b48c06a2902') in 0.016272 seconds 
========================================================================
Received Import Request.
  Time since last request: 0.000018 seconds.
  path: Assets/AurynSky/Rockets Missiles and Bombs/Prefabs/Yellow/Rocket04_Yellow.prefab
  artifactKey: Guid(674f740702d1acf42a418da3e745d98e) Importer(815301076,1909f56bfc062723c751e8b465ee728b)
Start importing Assets/AurynSky/Rockets Missiles and Bombs/Prefabs/Yellow/Rocket04_Yellow.prefab using Guid(674f740702d1acf42a418da3e745d98e) Importer(815301076,1909f56bfc062723c751e8b465ee728b)  -> (artifact id: 'fa43f2a5e9d86b08c0c444bf32e2dbc4') in 0.019361 seconds 
========================================================================
Received Import Request.
  Time since last request: 0.000021 seconds.
  path: Assets/AurynSky/Rockets Missiles and Bombs/Prefabs/Yellow/Rocket14_Yellow.prefab
  artifactKey: Guid(881d8152932493444ba60e3f5ca324c4) Importer(815301076,1909f56bfc062723c751e8b465ee728b)
Start importing Assets/AurynSky/Rockets Missiles and Bombs/Prefabs/Yellow/Rocket14_Yellow.prefab using Guid(881d8152932493444ba60e3f5ca324c4) Importer(815301076,1909f56bfc062723c751e8b465ee728b)  -> (artifact id: '1ec3d39bce487793f59a0e69694187cc') in 0.018505 seconds 
========================================================================
Received Import Request.
  Time since last request: 0.000017 seconds.
  path: Assets/AurynSky/Rockets Missiles and Bombs/Prefabs/Yellow/Rocket15_Yellow.prefab
  artifactKey: Guid(cafd3d9857dce9743b5d3154fed8cf10) Importer(815301076,1909f56bfc062723c751e8b465ee728b)
Start importing Assets/AurynSky/Rockets Missiles and Bombs/Prefabs/Yellow/Rocket15_Yellow.prefab using Guid(cafd3d9857dce9743b5d3154fed8cf10) Importer(815301076,1909f56bfc062723c751e8b465ee728b)  -> (artifact id: '3f2bbf0ddbb734b9c60ac69d58d0642b') in 0.018693 seconds 
========================================================================
Received Import Request.
  Time since last request: 0.000024 seconds.
  path: Assets/AurynSky/Rockets Missiles and Bombs/Prefabs/Yellow/Rocket13_Yellow.prefab
  artifactKey: Guid(047c4edb7b0e3ee4aa6708a4a0622e05) Importer(815301076,1909f56bfc062723c751e8b465ee728b)
Start importing Assets/AurynSky/Rockets Missiles and Bombs/Prefabs/Yellow/Rocket13_Yellow.prefab using Guid(047c4edb7b0e3ee4aa6708a4a0622e05) Importer(815301076,1909f56bfc062723c751e8b465ee728b)  -> (artifact id: 'b80d640f33f6b022260fe5526bc2474b') in 0.019215 seconds 
Editor requested this worker to shutdown with reason: Scaling down because of idle timeout
AssetImportWorker is now disconnected from the server
Process exiting
Exiting without the bug reporter. Application will terminate with return code 0